2021-01-21 00:00:01 error: [API_MIN_MAX] min: 34ms, max: 397ms [https://api.dalbitlive.com/socket/dbCheck/bySocket]
2021-01-21 00:00:01 error: [API_MIN_MAX] min: 39ms, max: 599ms [http://dalbit.inforex.co.kr/socket/dbCheck/bySocket]
2021-01-21 00:00:01 error: [API_MIN_MAX] min: 5ms, max: 117ms [https://sv163.dalbitlive.com:8000/health-check]
2021-01-21 00:00:01 error: [API_MIN_MAX] min: 5ms, max: 903ms [https://sv164.dalbitlive.com:8000/health-check]
2021-01-21 00:00:01 error: [API_MIN_MAX] min: 4ms, max: 17ms [https://api.dalbitlive.com/ctrl/check/service]
2021-01-21 05:53:31 error: [API_AND_DATABASE] : http://dalbit.inforex.co.kr/socket/dbCheck/bySocket : Axios Error : Error: timeout of 5000ms exceeded : failCount = 1
2021-01-21 05:53:42 error: [API_AND_DATABASE_NORMALIZED] URL - http://dalbit.inforex.co.kr/socket/dbCheck/bySocket : failCount = 1
2021-01-21 13:39:54 error: [API_AND_DATABASE] : http://dalbit.inforex.co.kr/socket/dbCheck/bySocket : Axios Error : Error: timeout of 5000ms exceeded : failCount = 1
2021-01-21 13:40:04 error: [API_AND_DATABASE] : http://dalbit.inforex.co.kr/socket/dbCheck/bySocket : Axios Error : Error: Request failed with status code 503 : failCount = 2
2021-01-21 13:40:04 error: [SEND_WARNING][API_AND_DATABASE] URL - http://dalbit.inforex.co.kr/socket/dbCheck/bySocket Error: Request failed with status code 503 : failCount = 2
2021-01-21 13:40:19 error: [API_AND_DATABASE_NORMALIZED] URL - http://dalbit.inforex.co.kr/socket/dbCheck/bySocket : failCount = 2
2021-01-21 13:40:19 error: [SEND_WARNING][API_AND_DATABASE_NORMALIZED] URL - http://dalbit.inforex.co.kr/socket/dbCheck/bySocket : failCount = 2
2021-01-21 14:16:39 error: [API_AND_DATABASE] : http://dalbit.inforex.co.kr/socket/dbCheck/bySocket : Axios Error : Error: Request failed with status code 503 : failCount = 1
2021-01-21 14:16:54 error: [API_AND_DATABASE_NORMALIZED] URL - http://dalbit.inforex.co.kr/socket/dbCheck/bySocket : failCount = 1
2021-01-21 14:26:40 error: [API_AND_DATABASE] : http://dalbit.inforex.co.kr/socket/dbCheck/bySocket : Axios Error : Error: Request failed with status code 503 : failCount = 1
2021-01-21 14:26:55 error: [API_AND_DATABASE] : http://dalbit.inforex.co.kr/socket/dbCheck/bySocket : Axios Error : Error: Request failed with status code 503 : failCount = 2
2021-01-21 14:26:55 error: [SEND_WARNING][ADMIN_API_AND_DATABASE] URL - http://dalbit.inforex.co.kr/socket/dbCheck/bySocket Error: Request failed with status code 503 : failCount = 2
2021-01-21 14:27:10 error: [API_AND_DATABASE_NORMALIZED] URL - http://dalbit.inforex.co.kr/socket/dbCheck/bySocket : failCount = 2
2021-01-21 14:27:10 error: [SEND_WARNING][ADMIN_API_AND_DATABASE_NORMALIZED] URL - http://dalbit.inforex.co.kr/socket/dbCheck/bySocket : failCount = 2
2021-01-21 14:38:26 error: [API_AND_DATABASE] : http://dalbit.inforex.co.kr/socket/dbCheck/bySocket : Axios Error : Error: Request failed with status code 503 : failCount = 1
2021-01-21 14:38:41 error: [API_AND_DATABASE] : http://dalbit.inforex.co.kr/socket/dbCheck/bySocket : Axios Error : Error: Request failed with status code 503 : failCount = 2
2021-01-21 14:38:41 error: [SEND_WARNING][ADMIN_API_AND_DATABASE] URL - http://dalbit.inforex.co.kr/socket/dbCheck/bySocket Error: Request failed with status code 503 : failCount = 2
2021-01-21 14:39:01 error: [API_AND_DATABASE] : https://api.dalbitlive.com/socket/dbCheck/bySocket : Axios Error : Error: timeout of 5000ms exceeded : failCount = 1
2021-01-21 14:39:06 error: [API_AND_DATABASE] : http://dalbit.inforex.co.kr/socket/dbCheck/bySocket : Axios Error : Error: timeout of 5000ms exceeded : failCount = 3
2021-01-21 14:39:16 error: [API_AND_DATABASE] : https://api.dalbitlive.com/socket/dbCheck/bySocket : Axios Error : Error: timeout of 5000ms exceeded : failCount = 2
2021-01-21 14:39:16 error: [SEND_WARNING][API_AND_DATABASE] URL - https://api.dalbitlive.com/socket/dbCheck/bySocket Error: timeout of 5000ms exceeded : failCount = 2
2021-01-21 14:39:21 error: [API_AND_DATABASE] : http://dalbit.inforex.co.kr/socket/dbCheck/bySocket : Axios Error : Error: timeout of 5000ms exceeded : failCount = 4
2021-01-21 14:39:31 error: [API_AND_DATABASE] : https://api.dalbitlive.com/socket/dbCheck/bySocket : Axios Error : Error: timeout of 5000ms exceeded : failCount = 3
2021-01-21 14:39:35 error: [API_AND_DATABASE] : http://dalbit.inforex.co.kr/socket/dbCheck/bySocket : failMessage = fail : 4527ms : failCount = 5
2021-01-21 14:39:46 error: [API_AND_DATABASE] : https://api.dalbitlive.com/socket/dbCheck/bySocket : Axios Error : Error: timeout of 5000ms exceeded : failCount = 4
2021-01-21 14:39:50 error: [API_AND_DATABASE_NORMALIZED] URL - http://dalbit.inforex.co.kr/socket/dbCheck/bySocket : failCount = 5
2021-01-21 14:39:50 error: [SEND_WARNING][ADMIN_API_AND_DATABASE_NORMALIZED] URL - http://dalbit.inforex.co.kr/socket/dbCheck/bySocket : failCount = 5
2021-01-21 14:39:56 error: [API_AND_DATABASE_NORMALIZED] URL - https://api.dalbitlive.com/socket/dbCheck/bySocket : failCount = 4
2021-01-21 14:39:56 error: [SEND_WARNING][API_AND_DATABASE_NORMALIZED] URL - https://api.dalbitlive.com/socket/dbCheck/bySocket : failCount = 4
2021-01-21 23:59:59 error: [API_MIN_MAX] min: 38ms, max: 119ms [https://api.dalbitlive.com/socket/dbCheck/bySocket]
2021-01-21 23:59:59 error: [API_MIN_MAX] min: 51ms, max: 143ms [http://dalbit.inforex.co.kr/socket/dbCheck/bySocket]
2021-01-21 23:59:59 error: [API_MIN_MAX] min: 5ms, max: 217ms [https://sv163.dalbitlive.com:8000/health-check]
2021-01-21 23:59:59 error: [API_MIN_MAX] min: 5ms, max: 131ms [https://sv164.dalbitlive.com:8000/health-check]
2021-01-21 23:59:59 error: [API_MIN_MAX] min: 4ms, max: 13ms [https://api.dalbitlive.com/ctrl/check/service]
